{
  "stats": {
    "suites": 2,
    "tests": 4,
    "passes": 4,
    "pending": 0,
    "failures": 0,
    "start": "2023-12-11T19:22:38.773Z",
    "end": "2023-12-11T19:22:38.781Z",
    "duration": 8,
    "testsRegistered": 4,
    "passPercent": 100,
    "pendingPercent": 0,
    "other": 0,
    "hasOther": false,
    "skipped": 0,
    "hasSkipped": false
  },
  "results": [
    {
      "uuid": "7f3b504e-cf90-4d4b-9982-a3a7029cc125",
      "title": "",
      "fullFile": "/home/ciberseguridad/Documentos/cursoGIT/AppSaludJavier/integracion/int_paciente-bascula.spec.js",
      "file": "/integracion/int_paciente-bascula.spec.js",
      "beforeHooks": [],
      "afterHooks": [],
      "tests": [],
      "suites": [
        {
          "uuid": "a6cc2d70-aeb4-4d98-871a-90ca0fdb6aae",
          "title": "Integration Suite -- Integración Paciente-Bascula",
          "fullFile": "/home/ciberseguridad/Documentos/cursoGIT/AppSaludJavier/integracion/int_paciente-bascula.spec.js",
          "file": "/integracion/int_paciente-bascula.spec.js",
          "beforeHooks": [],
          "afterHooks": [],
          "tests": [],
          "suites": [
            {
              "uuid": "7e7593b5-0896-489e-9134-f7c0eb0bd488",
              "title": "Paciente-Bascula - Test Case 1",
              "fullFile": "/home/ciberseguridad/Documentos/cursoGIT/AppSaludJavier/integracion/int_paciente-bascula.spec.js",
              "file": "/integracion/int_paciente-bascula.spec.js",
              "beforeHooks": [],
              "afterHooks": [],
              "tests": [
                {
                  "title": "Consstuctor new Paciente()",
                  "fullTitle": "Integration Suite -- Integración Paciente-Bascula Paciente-Bascula - Test Case 1 Consstuctor new Paciente()",
                  "timedOut": false,
                  "duration": 1,
                  "state": "passed",
                  "speed": "fast",
                  "pass": true,
                  "fail": false,
                  "pending": false,
                  "context": null,
                  "code": "objPaciente=new Paciente('Pedro','Ruiz del Castillo','16/02/1983');\nconst saludo=objPaciente.saludar();\nassert.isString(saludo);",
                  "err": {},
                  "uuid": "c3decf85-e5ba-4e27-896a-4870c98a163c",
                  "parentUUID": "7e7593b5-0896-489e-9134-f7c0eb0bd488",
                  "isHook": false,
                  "skipped": false
                },
                {
                  "title": "Constructor new Bascula()",
                  "fullTitle": "Integration Suite -- Integración Paciente-Bascula Paciente-Bascula - Test Case 1 Constructor new Bascula()",
                  "timedOut": false,
                  "duration": 4,
                  "state": "passed",
                  "speed": "fast",
                  "pass": true,
                  "fail": false,
                  "pending": false,
                  "context": null,
                  "code": "objBascula=new Bascula();\nobjBascula.anotarPeso(95.5,1.83);\nexpect(objBascula.obtenerNumeroAnotaciones()).to.be.equal(1);",
                  "err": {},
                  "uuid": "60c2519a-a65c-49f8-a21f-551c34c8cbdc",
                  "parentUUID": "7e7593b5-0896-489e-9134-f7c0eb0bd488",
                  "isHook": false,
                  "skipped": false
                },
                {
                  "title": "objPaciente.calcularIMC()",
                  "fullTitle": "Integration Suite -- Integración Paciente-Bascula Paciente-Bascula - Test Case 1 objPaciente.calcularIMC()",
                  "timedOut": false,
                  "duration": 1,
                  "state": "passed",
                  "speed": "fast",
                  "pass": true,
                  "fail": false,
                  "pending": false,
                  "context": null,
                  "code": "expect(objPaciente.calcularIMC()).to.be.equal(-1);",
                  "err": {},
                  "uuid": "c744af0e-9696-4058-92c8-de2490f9c7ab",
                  "parentUUID": "7e7593b5-0896-489e-9134-f7c0eb0bd488",
                  "isHook": false,
                  "skipped": false
                },
                {
                  "title": "objPaciente.modificarBascula(objBascula)",
                  "fullTitle": "Integration Suite -- Integración Paciente-Bascula Paciente-Bascula - Test Case 1 objPaciente.modificarBascula(objBascula)",
                  "timedOut": false,
                  "duration": 0,
                  "state": "passed",
                  "speed": "fast",
                  "pass": true,
                  "fail": false,
                  "pending": false,
                  "context": null,
                  "code": "objPaciente.modificarBascula(objBascula);\nexpect(objPaciente.calcularIMC()).to.be.equal('28.52');",
                  "err": {},
                  "uuid": "f052bf6c-2def-4f5e-8fe0-0625f12c6017",
                  "parentUUID": "7e7593b5-0896-489e-9134-f7c0eb0bd488",
                  "isHook": false,
                  "skipped": false
                }
              ],
              "suites": [],
              "passes": [
                "c3decf85-e5ba-4e27-896a-4870c98a163c",
                "60c2519a-a65c-49f8-a21f-551c34c8cbdc",
                "c744af0e-9696-4058-92c8-de2490f9c7ab",
                "f052bf6c-2def-4f5e-8fe0-0625f12c6017"
              ],
              "failures": [],
              "pending": [],
              "skipped": [],
              "duration": 6,
              "root": false,
              "rootEmpty": false,
              "_timeout": 2000
            }
          ],
          "passes": [],
          "failures": [],
          "pending": [],
          "skipped": [],
          "duration": 0,
          "root": false,
          "rootEmpty": false,
          "_timeout": 2000
        }
      ],
      "passes": [],
      "failures": [],
      "pending": [],
      "skipped": [],
      "duration": 0,
      "root": true,
      "rootEmpty": true,
      "_timeout": 2000
    }
  ],
  "meta": {
    "mocha": {
      "version": "10.2.0"
    },
    "mochawesome": {
      "options": {
        "quiet": false,
        "reportFilename": "mochawesome",
        "saveHtml": true,
        "saveJson": true,
        "consoleReporter": "spec",
        "useInlineDiffs": false,
        "code": true
      },
      "version": "7.1.3"
    },
    "marge": {
      "options": null,
      "version": "6.2.0"
    }
  }
}