{
  "stats": {
    "suites": 2,
    "tests": 4,
    "passes": 4,
    "pending": 0,
    "failures": 0,
    "start": "2023-12-11T19:27:39.080Z",
    "end": "2023-12-11T19:27:39.088Z",
    "duration": 8,
    "testsRegistered": 4,
    "passPercent": 100,
    "pendingPercent": 0,
    "other": 0,
    "hasOther": false,
    "skipped": 0,
    "hasSkipped": false
  },
  "results": [
    {
      "uuid": "5d05a1bd-db4d-47ef-a654-bdcadb7f91a3",
      "title": "",
      "fullFile": "/home/ciberseguridad/Documentos/cursoGIT/AppSaludJavier/integracion/int_paciente-bascula.spec.js",
      "file": "/integracion/int_paciente-bascula.spec.js",
      "beforeHooks": [],
      "afterHooks": [],
      "tests": [],
      "suites": [
        {
          "uuid": "672c5901-0b74-48c2-aea2-f2c4e4ab85ce",
          "title": "Integration Suite -- Integración Paciente-Bascula",
          "fullFile": "/home/ciberseguridad/Documentos/cursoGIT/AppSaludJavier/integracion/int_paciente-bascula.spec.js",
          "file": "/integracion/int_paciente-bascula.spec.js",
          "beforeHooks": [],
          "afterHooks": [],
          "tests": [],
          "suites": [
            {
              "uuid": "46cbefe4-1641-4151-b143-5572aa78229b",
              "title": "Paciente-Bascula - Test Case 1",
              "fullFile": "/home/ciberseguridad/Documentos/cursoGIT/AppSaludJavier/integracion/int_paciente-bascula.spec.js",
              "file": "/integracion/int_paciente-bascula.spec.js",
              "beforeHooks": [],
              "afterHooks": [],
              "tests": [
                {
                  "title": "Consstuctor new Paciente()",
                  "fullTitle": "Integration Suite -- Integración Paciente-Bascula Paciente-Bascula - Test Case 1 Consstuctor new Paciente()",
                  "timedOut": false,
                  "duration": 1,
                  "state": "passed",
                  "speed": "fast",
                  "pass": true,
                  "fail": false,
                  "pending": false,
                  "context": null,
                  "code": "objPaciente=new Paciente('Pedro','Ruiz del Castillo','16/02/1983');\nconst saludo=objPaciente.saludar();\nassert.isString(saludo);",
                  "err": {},
                  "uuid": "cc38decc-bf4c-43aa-9648-8d3815832a7d",
                  "parentUUID": "46cbefe4-1641-4151-b143-5572aa78229b",
                  "isHook": false,
                  "skipped": false
                },
                {
                  "title": "Constructor new Bascula()",
                  "fullTitle": "Integration Suite -- Integración Paciente-Bascula Paciente-Bascula - Test Case 1 Constructor new Bascula()",
                  "timedOut": false,
                  "duration": 4,
                  "state": "passed",
                  "speed": "fast",
                  "pass": true,
                  "fail": false,
                  "pending": false,
                  "context": null,
                  "code": "objBascula=new Bascula();\nobjBascula.anotarPeso(95.5,1.83);\nexpect(objBascula.obtenerNumeroAnotaciones()).to.be.equal(1);",
                  "err": {},
                  "uuid": "88c7fd13-1763-4204-b70d-661d7a75735f",
                  "parentUUID": "46cbefe4-1641-4151-b143-5572aa78229b",
                  "isHook": false,
                  "skipped": false
                },
                {
                  "title": "objPaciente.calcularIMC()",
                  "fullTitle": "Integration Suite -- Integración Paciente-Bascula Paciente-Bascula - Test Case 1 objPaciente.calcularIMC()",
                  "timedOut": false,
                  "duration": 0,
                  "state": "passed",
                  "speed": "fast",
                  "pass": true,
                  "fail": false,
                  "pending": false,
                  "context": null,
                  "code": "expect(objPaciente.calcularIMC()).to.be.equal(-1);",
                  "err": {},
                  "uuid": "d88ec90c-ae7b-45cf-bf30-43f4d0591168",
                  "parentUUID": "46cbefe4-1641-4151-b143-5572aa78229b",
                  "isHook": false,
                  "skipped": false
                },
                {
                  "title": "objPaciente.modificarBascula(objBascula)",
                  "fullTitle": "Integration Suite -- Integración Paciente-Bascula Paciente-Bascula - Test Case 1 objPaciente.modificarBascula(objBascula)",
                  "timedOut": false,
                  "duration": 0,
                  "state": "passed",
                  "speed": "fast",
                  "pass": true,
                  "fail": false,
                  "pending": false,
                  "context": null,
                  "code": "objPaciente.modificarBascula(objBascula);\nexpect(objPaciente.calcularIMC()).to.be.equal('28.52');",
                  "err": {},
                  "uuid": "e63ab53c-aad5-4107-8fd1-8352ff0c9c63",
                  "parentUUID": "46cbefe4-1641-4151-b143-5572aa78229b",
                  "isHook": false,
                  "skipped": false
                }
              ],
              "suites": [],
              "passes": [
                "cc38decc-bf4c-43aa-9648-8d3815832a7d",
                "88c7fd13-1763-4204-b70d-661d7a75735f",
                "d88ec90c-ae7b-45cf-bf30-43f4d0591168",
                "e63ab53c-aad5-4107-8fd1-8352ff0c9c63"
              ],
              "failures": [],
              "pending": [],
              "skipped": [],
              "duration": 5,
              "root": false,
              "rootEmpty": false,
              "_timeout": 2000
            }
          ],
          "passes": [],
          "failures": [],
          "pending": [],
          "skipped": [],
          "duration": 0,
          "root": false,
          "rootEmpty": false,
          "_timeout": 2000
        }
      ],
      "passes": [],
      "failures": [],
      "pending": [],
      "skipped": [],
      "duration": 0,
      "root": true,
      "rootEmpty": true,
      "_timeout": 2000
    }
  ],
  "meta": {
    "mocha": {
      "version": "10.2.0"
    },
    "mochawesome": {
      "options": {
        "quiet": false,
        "reportFilename": "mochawesome",
        "saveHtml": true,
        "saveJson": true,
        "consoleReporter": "spec",
        "useInlineDiffs": false,
        "code": true
      },
      "version": "7.1.3"
    },
    "marge": {
      "options": null,
      "version": "6.2.0"
    }
  }
}